апр. 30, 2023 4:04:39 PM task_01 main
INFO: Iteration 1, swap 12 and 54: [12, 54, 38, 21, 59, 34, 76, 2, 6, 76, 12, 65]
апр. 30, 2023 4:04:39 PM task_01 main
INFO: Iteration 1, swap 38 and 54: [12, 38, 54, 21, 59, 34, 76, 2, 6, 76, 12, 65]
апр. 30, 2023 4:04:39 PM task_01 main
INFO: Iteration 1, swap 21 and 54: [12, 38, 21, 54, 59, 34, 76, 2, 6, 76, 12, 65]
апр. 30, 2023 4:04:39 PM task_01 main
INFO: Iteration 1, swap 34 and 59: [12, 38, 21, 54, 34, 59, 76, 2, 6, 76, 12, 65]
апр. 30, 2023 4:04:39 PM task_01 main
INFO: Iteration 1, swap 2 and 76: [12, 38, 21, 54, 34, 59, 2, 76, 6, 76, 12, 65]
апр. 30, 2023 4:04:39 PM task_01 main
INFO: Iteration 1, swap 6 and 76: [12, 38, 21, 54, 34, 59, 2, 6, 76, 76, 12, 65]
апр. 30, 2023 4:04:39 PM task_01 main
INFO: Iteration 1, swap 12 and 76: [12, 38, 21, 54, 34, 59, 2, 6, 76, 12, 76, 65]
апр. 30, 2023 4:04:39 PM task_01 main
INFO: Iteration 1, swap 65 and 76: [12, 38, 21, 54, 34, 59, 2, 6, 76, 12, 65, 76]
апр. 30, 2023 4:04:39 PM task_01 main
INFO: Iteration 2, swap 21 and 38: [12, 21, 38, 54, 34, 59, 2, 6, 76, 12, 65, 76]
апр. 30, 2023 4:04:39 PM task_01 main
INFO: Iteration 2, swap 34 and 54: [12, 21, 38, 34, 54, 59, 2, 6, 76, 12, 65, 76]
апр. 30, 2023 4:04:39 PM task_01 main
INFO: Iteration 2, swap 2 and 59: [12, 21, 38, 34, 54, 2, 59, 6, 76, 12, 65, 76]
апр. 30, 2023 4:04:39 PM task_01 main
INFO: Iteration 2, swap 6 and 59: [12, 21, 38, 34, 54, 2, 6, 59, 76, 12, 65, 76]
апр. 30, 2023 4:04:39 PM task_01 main
INFO: Iteration 2, swap 12 and 76: [12, 21, 38, 34, 54, 2, 6, 59, 12, 76, 65, 76]
апр. 30, 2023 4:04:39 PM task_01 main
INFO: Iteration 2, swap 65 and 76: [12, 21, 38, 34, 54, 2, 6, 59, 12, 65, 76, 76]
апр. 30, 2023 4:04:39 PM task_01 main
INFO: Iteration 3, swap 34 and 38: [12, 21, 34, 38, 54, 2, 6, 59, 12, 65, 76, 76]
апр. 30, 2023 4:04:39 PM task_01 main
INFO: Iteration 3, swap 2 and 54: [12, 21, 34, 38, 2, 54, 6, 59, 12, 65, 76, 76]
апр. 30, 2023 4:04:39 PM task_01 main
INFO: Iteration 3, swap 6 and 54: [12, 21, 34, 38, 2, 6, 54, 59, 12, 65, 76, 76]
апр. 30, 2023 4:04:39 PM task_01 main
INFO: Iteration 3, swap 12 and 59: [12, 21, 34, 38, 2, 6, 54, 12, 59, 65, 76, 76]
апр. 30, 2023 4:04:39 PM task_01 main
INFO: Iteration 4, swap 2 and 38: [12, 21, 34, 2, 38, 6, 54, 12, 59, 65, 76, 76]
апр. 30, 2023 4:04:39 PM task_01 main
INFO: Iteration 4, swap 6 and 38: [12, 21, 34, 2, 6, 38, 54, 12, 59, 65, 76, 76]
апр. 30, 2023 4:04:39 PM task_01 main
INFO: Iteration 4, swap 12 and 54: [12, 21, 34, 2, 6, 38, 12, 54, 59, 65, 76, 76]
апр. 30, 2023 4:04:39 PM task_01 main
INFO: Iteration 5, swap 2 and 34: [12, 21, 2, 34, 6, 38, 12, 54, 59, 65, 76, 76]
апр. 30, 2023 4:04:39 PM task_01 main
INFO: Iteration 5, swap 6 and 34: [12, 21, 2, 6, 34, 38, 12, 54, 59, 65, 76, 76]
апр. 30, 2023 4:04:39 PM task_01 main
INFO: Iteration 5, swap 12 and 38: [12, 21, 2, 6, 34, 12, 38, 54, 59, 65, 76, 76]
апр. 30, 2023 4:04:39 PM task_01 main
INFO: Iteration 6, swap 2 and 21: [12, 2, 21, 6, 34, 12, 38, 54, 59, 65, 76, 76]
апр. 30, 2023 4:04:39 PM task_01 main
INFO: Iteration 6, swap 6 and 21: [12, 2, 6, 21, 34, 12, 38, 54, 59, 65, 76, 76]
апр. 30, 2023 4:04:39 PM task_01 main
INFO: Iteration 6, swap 12 and 34: [12, 2, 6, 21, 12, 34, 38, 54, 59, 65, 76, 76]
апр. 30, 2023 4:04:39 PM task_01 main
INFO: Iteration 7, swap 2 and 12: [2, 12, 6, 21, 12, 34, 38, 54, 59, 65, 76, 76]
апр. 30, 2023 4:04:39 PM task_01 main
INFO: Iteration 7, swap 6 and 12: [2, 6, 12, 21, 12, 34, 38, 54, 59, 65, 76, 76]
апр. 30, 2023 4:04:39 PM task_01 main
INFO: Iteration 7, swap 12 and 21: [2, 6, 12, 12, 21, 34, 38, 54, 59, 65, 76, 76]
апр. 30, 2023 4:04:39 PM task_01 main
INFO: Sorted array: [2, 6, 12, 12, 21, 34, 38, 54, 59, 65, 76, 76]
